# Logfile created on Mon Feb 22 14:55:37 +0100 2010 by logger.rb/85
Starting process ...
yaml config file /home/notroot/git/KTE/code/builders/etl/1_generic_profile/script/build_field_mapping.rb.yml succesfully open
Finishing process ...
Starting process ...
yaml config file /home/notroot/git/KTE/code/builders/etl/1_generic_profile/script/build_field_mapping.rb.yml succesfully open
Finishing process ...
Starting process ...
yaml config file /home/notroot/git/KTE/code/builders/etl/1_generic_profile/script/build_field_mapping.rb.yml succesfully open
Finishing process ...
Starting process ...
yaml config file /home/notroot/git/KTE/code/builders/etl/1_generic_profile/script/build_field_mapping.rb.yml succesfully open
Finishing process ...
Starting process ...
yaml config file /home/notroot/git/KTE/code/builders/etl/1_generic_profile/script/build_field_mapping.rb.yml succesfully open
Finishing process ...
Starting process ...
yaml config file /home/notroot/git/KTE/code/builders/etl/1_generic_profile/script/build_field_mapping.rb.yml succesfully open
Error message: /home/notroot/git/KTE/code/builders/etl/1_generic_profile/script/../modules/field_mapping_provider_1_sect_1.rb:243: syntax error, unexpected tSTRING_BEG, expecting '}'
      'veh_num_of_owners_str' => '"1"'
       ^
/home/notroot/git/KTE/code/builders/etl/1_generic_profile/script/../modules/field_mapping_provider_1_sect_1.rb:243: syntax error, unexpected tASSOC, expecting kEND
      'veh_num_of_owners_str' => '"1"'
                                ^
/home/notroot/git/KTE/code/builders/etl/1_generic_profile/script/../modules/field_mapping_provider_1_sect_1.rb:244: syntax error, unexpected '}', expecting kEND
Finishing process ...
Starting process ...
yaml config file /home/notroot/git/KTE/code/builders/etl/1_generic_profile/script/build_field_mapping.rb.yml succesfully open
Finishing process ...
