# Logfile created on Fri Feb 19 11:48:57 +0100 2010 by logger.rb/85
Starting process ...
yaml config file /home/notroot/git/KTE/code/builders/etl/1_generic_profile/script/build_profile.rb.yml succesfully open
Finishing process ...
Starting process ...
yaml config file /home/notroot/git/KTE/code/builders/etl/1_generic_profile/script/build_profile.rb.yml succesfully open
Error message: (eval):1:in `build_profile': compile error
(eval):1: syntax error, unexpected tIDENTIFIER, expecting tCONSTANT
if infield[::driv_driver_sex_str]=="C"; x= "si" else x= "no" end
                                ^
Finishing process ...
Starting process ...
yaml config file /home/notroot/git/KTE/code/builders/etl/1_generic_profile/script/build_profile.rb.yml succesfully open
Finishing process ...
Starting process ...
yaml config file /home/notroot/git/KTE/code/builders/etl/1_generic_profile/script/build_profile.rb.yml succesfully open
Error code: 1054
Error SQLSTATE: 42S22
Error message: Unknown column 'pol_nr_of_goods_claims_1_yr_str' in 'field list'
Finishing process ...
Starting process ...
yaml config file /home/notroot/git/KTE/code/builders/etl/1_generic_profile/script/build_profile.rb.yml succesfully open
Error code: 1062
Error SQLSTATE: 23000
Error message: Duplicate entry '1-provider_1-sect_1-all_provider_1-prov_1_20100101' for key 1
Finishing process ...
Starting process ...
yaml config file /home/notroot/git/KTE/code/builders/etl/1_generic_profile/script/build_profile.rb.yml succesfully open
Error code: 1054
Error SQLSTATE: 42S22
Error message: Unknown column 'pol_nr_of_goods_claims_1_yr_str' in 'field list'
Finishing process ...
Starting process ...
yaml config file /home/notroot/git/KTE/code/builders/etl/1_generic_profile/script/build_profile.rb.yml succesfully open
Finishing process ...
Starting process ...
yaml config file /home/notroot/git/KTE/code/builders/etl/1_generic_profile/script/build_profile.rb.yml succesfully open
Error code: 1062
Error SQLSTATE: 23000
Error message: Duplicate entry '1-provider_1-sect_1-all_provider_1-prov_1_20100101' for key 1
Finishing process ...
