# Logfile created on Thu Feb 18 11:40:30 +0100 2010 by logger.rb/85
Starting process ...
yaml config file /home/notroot/git/KTE/code/builders/etl/2_translation_rule/script/build_translation_rules.rb.yml succesfully open
Error message: no such file to load -- /home/notroot/git/KTE/code/builders/etl/2_translation_rule/script/../modules/provider_1/quixa/provider_1_quixa.rb
Finishing process ...
Starting process ...
yaml config file /home/notroot/git/KTE/code/builders/etl/2_translation_rule/script/build_translation_rules.rb.yml succesfully open
Error message: no such file to load -- /home/notroot/git/KTE/code/builders/etl/2_translation_rule/script/../modules/provider_1/quixa/provider_1_quixa.rb
Finishing process ...
Starting process ...
yaml config file /home/notroot/git/KTE/code/builders/etl/2_translation_rule/script/build_translation_rules.rb.yml succesfully open
Error message: no such file to load -- /home/notroot/git/KTE/code/builders/etl/2_translation_rule/script/../modules/provider_1/quixa/provider_1_quixa.rb
Finishing process ...
Starting process ...
yaml config file /home/notroot/git/KTE/code/builders/etl/2_translation_rule/script/build_translation_rules.rb.yml succesfully open
Error code: 1062
Error SQLSTATE: 23000
Error message: Duplicate entry 'provider_1-sect_1-quixa-pol_record_id_str' for key 1
Error code: 1062
Error SQLSTATE: 23000
Error message: Duplicate entry 'provider_1-sect_1-quixa-driv_birth_province_str' for key 1
Error code: 1062
Error SQLSTATE: 23000
Error message: Duplicate entry 'provider_1-sect_1-quixa-driv_birth_place_str' for key 1
Error code: 1062
Error SQLSTATE: 23000
Error message: Duplicate entry 'provider_1-sect_1-quixa-driv_birth_state_str' for key 1
Error code: 1062
Error SQLSTATE: 23000
Error message: Duplicate entry 'provider_1-sect_1-quixa-driv_citizenship_str' for key 1
Error code: 1062
Error SQLSTATE: 23000
Error message: Duplicate entry 'provider_1-sect_1-quixa-driv_civil_status_str' for key 1
Error code: 1062
Error SQLSTATE: 23000
Error message: Duplicate entry 'provider_1-sect_1-quixa-driv_driver_sex_str' for key 1
Error code: 1062
Error SQLSTATE: 23000
Error message: Duplicate entry 'provider_1-sect_1-quixa-driv_driving_license_points_str' for key 1
Error code: 1062
Error SQLSTATE: 23000
Error message: Duplicate entry 'provider_1-sect_1-quixa-driv_driving_license_type_str' for key 1
Error code: 1062
Error SQLSTATE: 23000
Error message: Duplicate entry 'provider_1-sect_1-quixa-driv_driving_license_year_of_issue_str' for key 1
Error code: 1062
Error SQLSTATE: 23000
Error message: Duplicate entry 'provider_1-sect_1-quixa-driv_driving_license_yrs_str' for key 1
Error code: 1062
Error SQLSTATE: 23000
Error message: Duplicate entry 'provider_1-sect_1-quixa-driv_heir_str' for key 1
Error code: 1062
Error SQLSTATE: 23000
Error message: Duplicate entry 'provider_1-sect_1-quixa-driv_italian_residence_starting_yrs_num' for key 1
Error code: 1062
Error SQLSTATE: 23000
Error message: Duplicate entry 'provider_1-sect_1-quixa-driv_job_2_str' for key 1
Error code: 1062
Error SQLSTATE: 23000
Error message: Duplicate entry 'provider_1-sect_1-quixa-driv_job_str' for key 1
Error code: 1062
Error SQLSTATE: 23000
Error message: Duplicate entry 'provider_1-sect_1-quixa-driv_residence_same_as_home_address_str' for key 1
Error code: 1062
Error SQLSTATE: 23000
Error message: Duplicate entry 'provider_1-sect_1-quixa-driv_studies_str' for key 1
Error code: 1062
Error SQLSTATE: 23000
Error message: Duplicate entry 'provider_1-sect_1-quixa-own_owner_sex_str' for key 1
Error code: 1062
Error SQLSTATE: 23000
Error message: Duplicate entry 'provider_1-sect_1-quixa-own_owner_specification_str' for key 1
Error code: 1062
Error SQLSTATE: 23000
Error message: Duplicate entry 'provider_1-sect_1-quixa-own_owner_zip_code_str' for key 1
Error code: 1062
Error SQLSTATE: 23000
Error message: Duplicate entry 'provider_1-sect_1-quixa-pol_act_of_vandalism_code_str' for key 1
Error code: 1062
Error SQLSTATE: 23000
Error message: Duplicate entry 'provider_1-sect_1-quixa-pol_additional_drivers_less_than_26_yrs_' for key 1
Error code: 1062
Error SQLSTATE: 23000
Error message: Duplicate entry 'provider_1-sect_1-quixa-pol_already_benefit_from_bersani_str' for key 1
Error code: 1062
Error SQLSTATE: 23000
Error message: Duplicate entry 'provider_1-sect_1-quixa-pol_bersani_policy_expiring_date_str' for key 1
Error code: 1062
Error SQLSTATE: 23000
Error message: Duplicate entry 'provider_1-sect_1-quixa-pol_bersani_ref_car_already_insured_with' for key 1
Error code: 1062
Error SQLSTATE: 23000
Error message: Duplicate entry 'provider_1-sect_1-quixa-pol_bersani_ref_vehicle_insured_with_com' for key 1
Error code: 1062
Error SQLSTATE: 23000
Error message: Duplicate entry 'provider_1-sect_1-quixa-pol_bersani_ref_vehicle_number_plate_str' for key 1
Error code: 1062
Error SQLSTATE: 23000
Error message: Duplicate entry 'provider_1-sect_1-quixa-pol_bersani_str' for key 1
Error code: 1062
Error SQLSTATE: 23000
Error message: Duplicate entry 'provider_1-sect_1-quixa-pol_birth_date_str' for key 1
Error code: 1062
Error SQLSTATE: 23000
Error message: Duplicate entry 'provider_1-sect_1-quixa-pol_birth_date_year_num' for key 1
Error code: 1062
Error SQLSTATE: 23000
Error message: Duplicate entry 'provider_1-sect_1-quixa-pol_birth_date_month_str' for key 1
Error code: 1062
Error SQLSTATE: 23000
Error message: Duplicate entry 'provider_1-sect_1-quixa-pol_birth_date_day_str' for key 1
Error code: 1062
Error SQLSTATE: 23000
Error message: Duplicate entry 'provider_1-sect_1-quixa-pol_residence_str' for key 1
Error code: 1062
Error SQLSTATE: 23000
Error message: Duplicate entry 'provider_1-sect_1-quixa-pol_residence_province_str' for key 1
Error code: 1062
Error SQLSTATE: 23000
Error message: Duplicate entry 'provider_1-sect_1-quixa-pol_BM_assigned_str' for key 1
Error code: 1062
Error SQLSTATE: 23000
Error message: Duplicate entry 'provider_1-sect_1-quixa-pol_car_already_insured_with_company_str' for key 1
Error code: 1062
Error SQLSTATE: 23000
Error message: Duplicate entry 'provider_1-sect_1-quixa-pol_claims_total_number_str' for key 1
Error code: 1062
Error SQLSTATE: 23000
Error message: Duplicate entry 'provider_1-sect_1-quixa-pol_client_type_str' for key 1
Error code: 1062
Error SQLSTATE: 23000
Error message: Duplicate entry 'provider_1-sect_1-quixa-pol_cohabiting_children_str' for key 1
Error code: 1062
Error SQLSTATE: 23000
Error message: Duplicate entry 'provider_1-sect_1-quixa-pol_coming_from_BM_num' for key 1
Error code: 1062
Error SQLSTATE: 23000
Error message: Duplicate entry 'provider_1-sect_1-quixa-pol_coming_from_company_str' for key 1
Error code: 1062
Error SQLSTATE: 23000
Error message: Duplicate entry 'provider_1-sect_1-quixa-pol_current_policy_guarantee_str' for key 1
Error code: 1062
Error SQLSTATE: 23000
Error message: Duplicate entry 'provider_1-sect_1-quixa-pol_defined_drive_str' for key 1
Error code: 1062
Error SQLSTATE: 23000
Error message: Duplicate entry 'provider_1-sect_1-quixa-pol_driver_is_owner_str' for key 1
Error code: 1062
Error SQLSTATE: 23000
Error message: Duplicate entry 'provider_1-sect_1-quixa-pol_driver_less_25_yrs_license_less_2_yr' for key 1
Error code: 1062
Error SQLSTATE: 23000
Error message: Duplicate entry 'provider_1-sect_1-quixa-pol_driver_less_than_26_yrs_str' for key 1
Error code: 1062
Error SQLSTATE: 23000
Error message: Duplicate entry 'provider_1-sect_1-quixa-pol_driver_zip_code_str' for key 1
Error code: 1062
Error SQLSTATE: 23000
Error message: Duplicate entry 'provider_1-sect_1-quixa-pol_driving_license_suspension_str' for key 1
Error code: 1062
Error SQLSTATE: 23000
Error message: Duplicate entry 'provider_1-sect_1-quixa-pol_driving_license_withdrawal_indemnity' for key 1
Error code: 1062
Error SQLSTATE: 23000
Error message: Duplicate entry 'provider_1-sect_1-quixa-pol_driving_type_str' for key 1
Error code: 1062
Error SQLSTATE: 23000
Error message: Duplicate entry 'provider_1-sect_1-quixa-pol_drunkenness_fine_str' for key 1
Error code: 1062
Error SQLSTATE: 23000
Error message: Duplicate entry 'provider_1-sect_1-quixa-pol_exclusive_drive_str' for key 1
Error code: 1062
Error SQLSTATE: 23000
Error message: Duplicate entry 'provider_1-sect_1-quixa-pol_family_car_num' for key 1
Error code: 1062
Error SQLSTATE: 23000
Error message: Duplicate entry 'provider_1-sect_1-quixa-pol_family_members_insured_with_company_' for key 1
Error code: 1062
Error SQLSTATE: 23000
Error message: Duplicate entry 'provider_1-sect_1-quixa-pol_free_drive_str' for key 1
Error code: 1062
Error SQLSTATE: 23000
Error message: Duplicate entry 'provider_1-sect_1-quixa-pol_how_do_you_know_the_company_str' for key 1
Error code: 1062
Error SQLSTATE: 23000
Error message: Duplicate entry 'provider_1-sect_1-quixa-pol_instalment_str' for key 1
Error code: 1062
Error SQLSTATE: 23000
Error message: Duplicate entry 'provider_1-sect_1-quixa-pol_insurance_situation_str' for key 1
Error code: 1062
Error SQLSTATE: 23000
Error message: Duplicate entry 'provider_1-sect_1-quixa-pol_leasing_str' for key 1
Error code: 1062
Error SQLSTATE: 23000
Error message: Duplicate entry 'provider_1-sect_1-quixa-pol_matriculation_date_str' for key 1
Error code: 1062
Error SQLSTATE: 23000
Error message: Duplicate entry 'provider_1-sect_1-quixa-pol_matriculation_date_year_num' for key 1
Error code: 1062
Error SQLSTATE: 23000
Error message: Duplicate entry 'provider_1-sect_1-quixa-pol_matriculation_date_month_str' for key 1
Error code: 1062
Error SQLSTATE: 23000
Error message: Duplicate entry 'provider_1-sect_1-quixa-pol_matriculation_date_day_str' for key 1
Error code: 1062
Error SQLSTATE: 23000
Error message: Duplicate entry 'provider_1-sect_1-quixa-pol_minikasko_str' for key 1
Error code: 1062
Error SQLSTATE: 23000
Error message: Duplicate entry 'provider_1-sect_1-quixa-pol_motorcycle_driving_ability_str' for key 1
Error code: 1062
Error SQLSTATE: 23000
Error message: Duplicate entry 'provider_1-sect_1-quixa-pol_natural_events_act_of_vandalism_str' for key 1
Error code: 1062
Error SQLSTATE: 23000
Error message: Duplicate entry 'provider_1-sect_1-quixa-pol_nr_of_goods_claims_1_yr_str' for key 1
Error code: 1062
Error SQLSTATE: 23000
Error message: Duplicate entry 'provider_1-sect_1-quixa-pol_nr_of_goods_claims_2_yr_str' for key 1
Error code: 1062
Error SQLSTATE: 23000
Error message: Duplicate entry 'provider_1-sect_1-quixa-pol_nr_of_goods_claims_3_yr_str' for key 1
Error code: 1062
Error SQLSTATE: 23000
Error message: Duplicate entry 'provider_1-sect_1-quixa-pol_nr_of_goods_claims_4_yr_str' for key 1
Error code: 1062
Error SQLSTATE: 23000
Error message: Duplicate entry 'provider_1-sect_1-quixa-pol_nr_of_goods_claims_5_yr_str' for key 1
Error code: 1062
Error SQLSTATE: 23000
Error message: Duplicate entry 'provider_1-sect_1-quixa-pol_nr_of_goods_claims_this_yr_str' for key 1
Error code: 1062
Error SQLSTATE: 23000
Error message: Duplicate entry 'provider_1-sect_1-quixa-pol_nr_of_paid_claims_1_yr_str' for key 1
Error code: 1062
Error SQLSTATE: 23000
Error message: Duplicate entry 'provider_1-sect_1-quixa-pol_nr_of_paid_claims_2_yr_str' for key 1
Error code: 1062
Error SQLSTATE: 23000
Error message: Duplicate entry 'provider_1-sect_1-quixa-pol_nr_of_paid_claims_3_yr_str' for key 1
Error code: 1062
Error SQLSTATE: 23000
Error message: Duplicate entry 'provider_1-sect_1-quixa-pol_nr_of_paid_claims_4_yr_str' for key 1
Error code: 1062
Error SQLSTATE: 23000
Error message: Duplicate entry 'provider_1-sect_1-quixa-pol_nr_of_paid_claims_5_yr_str' for key 1
Error code: 1062
Error SQLSTATE: 23000
Error message: Duplicate entry 'provider_1-sect_1-quixa-pol_nr_of_paid_claims_this_yr_str' for key 1
Error code: 1062
Error SQLSTATE: 23000
Error message: Duplicate entry 'provider_1-sect_1-quixa-pol_nr_of_persons_claims_1_yr_str' for key 1
Error code: 1062
Error SQLSTATE: 23000
Error message: Duplicate entry 'provider_1-sect_1-quixa-pol_nr_of_persons_claims_2_yr_str' for key 1
Error code: 1062
Error SQLSTATE: 23000
Error message: Duplicate entry 'provider_1-sect_1-quixa-pol_nr_of_persons_claims_3_yr_str' for key 1
Error code: 1062
Error SQLSTATE: 23000
Error message: Duplicate entry 'provider_1-sect_1-quixa-pol_nr_of_persons_claims_4_yr_str' for key 1
Error code: 1062
Error SQLSTATE: 23000
Error message: Duplicate entry 'provider_1-sect_1-quixa-pol_nr_of_persons_claims_5_yr_str' for key 1
Error code: 1062
Error SQLSTATE: 23000
Error message: Duplicate entry 'provider_1-sect_1-quixa-pol_nr_of_persons_claims_this_yr_str' for key 1
Error code: 1062
Error SQLSTATE: 23000
Error message: Duplicate entry 'provider_1-sect_1-quixa-pol_nr_of_yrs_insured_in_the_last_5_yrs_' for key 1
Error code: 1062
Error SQLSTATE: 23000
Error message: Duplicate entry 'provider_1-sect_1-quixa-pol_nr_of_yrs_without_claims_str' for key 1
Error code: 1062
Error SQLSTATE: 23000
Error message: Duplicate entry 'provider_1-sect_1-quixa-pol_number_of_NI_NA_yrs_during_5_yrs_str' for key 1
Error code: 1062
Error SQLSTATE: 23000
Error message: Duplicate entry 'provider_1-sect_1-quixa-pol_number_plate_type_str' for key 1
Error code: 1062
Error SQLSTATE: 23000
Error message: Duplicate entry 'provider_1-sect_1-quixa-pol_other_vehicle_use_str' for key 1
Error code: 1062
Error SQLSTATE: 23000
Error message: Duplicate entry 'provider_1-sect_1-quixa-pol_partner_garages_str' for key 1
Error code: 1062
Error SQLSTATE: 23000
Error message: Duplicate entry 'provider_1-sect_1-quixa-pol_passenger_str' for key 1
Error code: 1062
Error SQLSTATE: 23000
Error message: Duplicate entry 'provider_1-sect_1-quixa-pol_payment_str' for key 1
Error code: 1062
Error SQLSTATE: 23000
Error message: Duplicate entry 'provider_1-sect_1-quixa-pol_policy_starting_date_str' for key 1
Error code: 1062
Error SQLSTATE: 23000
Error message: Duplicate entry 'provider_1-sect_1-quixa-pol_policy_starting_date_year_num' for key 1
Error code: 1062
Error SQLSTATE: 23000
Error message: Duplicate entry 'provider_1-sect_1-quixa-pol_policy_starting_date_month_str' for key 1
Error code: 1062
Error SQLSTATE: 23000
Error message: Duplicate entry 'provider_1-sect_1-quixa-pol_policy_starting_date_day_str' for key 1
Error code: 1062
Error SQLSTATE: 23000
Error message: Duplicate entry 'provider_1-sect_1-quixa-pol_privacy_1_str' for key 1
Error code: 1062
Error SQLSTATE: 23000
Error message: Duplicate entry 'provider_1-sect_1-quixa-pol_privacy_2_str' for key 1
Error code: 1062
Error SQLSTATE: 23000
Error message: Duplicate entry 'provider_1-sect_1-quixa-pol_privacy_3_str' for key 1
Error code: 1062
Error SQLSTATE: 23000
Error message: Duplicate entry 'provider_1-sect_1-quixa-pol_property_type_to_be_insured_str' for key 1
Error code: 1062
Error SQLSTATE: 23000
Error message: Duplicate entry 'provider_1-sect_1-quixa-pol_public_liability_exemption_str' for key 1
Error code: 1062
Error SQLSTATE: 23000
Error message: Duplicate entry 'provider_1-sect_1-quixa-pol_public_liability_indemnity_limit_str' for key 1
Error code: 1062
Error SQLSTATE: 23000
Error message: Duplicate entry 'provider_1-sect_1-quixa-pol_public_liability_type_str' for key 1
Error code: 1062
Error SQLSTATE: 23000
Error message: Duplicate entry 'provider_1-sect_1-quixa-pol_quotation_str' for key 1
Error code: 1062
Error SQLSTATE: 23000
Error message: Duplicate entry 'provider_1-sect_1-quixa-pol_renounce_compensation_str' for key 1
Error code: 1062
Error SQLSTATE: 23000
Error message: Duplicate entry 'provider_1-sect_1-quixa-pol_risk_certificate_str' for key 1
Error code: 1062
Error SQLSTATE: 23000
Error message: Duplicate entry 'provider_1-sect_1-quixa-pol_road_assistance_indemnity_limit_str' for key 1
Error code: 1062
Error SQLSTATE: 23000
Error message: Duplicate entry 'provider_1-sect_1-quixa-pol_road_assistance_type_str' for key 1
Error code: 1062
Error SQLSTATE: 23000
Error message: Duplicate entry 'provider_1-sect_1-quixa-pol_second_driver_str' for key 1
Error code: 1062
Error SQLSTATE: 23000
Error message: Duplicate entry 'provider_1-sect_1-quixa-pol_social_political_and_natural_events_' for key 1
Error code: 1062
Error SQLSTATE: 23000
Error message: Duplicate entry 'provider_1-sect_1-quixa-pol_subscriber_is_driver_str' for key 1
Error code: 1062
Error SQLSTATE: 23000
Error message: Duplicate entry 'provider_1-sect_1-quixa-pol_subscriber_is_holder_str' for key 1
Error code: 1062
Error SQLSTATE: 23000
Error message: Duplicate entry 'provider_1-sect_1-quixa-pol_subscriber_is_owner_str' for key 1
Error code: 1062
Error SQLSTATE: 23000
Error message: Duplicate entry 'provider_1-sect_1-quixa-pol_theft_fire_coverage_code_str' for key 1
Error code: 1062
Error SQLSTATE: 23000
Error message: Duplicate entry 'provider_1-sect_1-quixa-pol_on_off_theft_fire_coverage_str' for key 1
Error code: 1062
Error SQLSTATE: 23000
Error message: Duplicate entry 'provider_1-sect_1-quixa-pol_theft_fire_coverage_web_id_str' for key 1
Error code: 1062
Error SQLSTATE: 23000
Error message: Duplicate entry 'provider_1-sect_1-quixa-pol_theft_fire_coverage_premium_id_str' for key 1
Error code: 1062
Error SQLSTATE: 23000
Error message: Duplicate entry 'provider_1-sect_1-quixa-pol_theft_fire_minimum_uncoverage_exempt' for key 1
Error code: 1062
Error SQLSTATE: 23000
Error message: Duplicate entry 'provider_1-sect_1-quixa-pol_type_of_contract_str' for key 1
Error code: 1062
Error SQLSTATE: 23000
Error message: Duplicate entry 'provider_1-sect_1-quixa-pol_vehicle_continuous_use_no_of_mths_st' for key 1
Error code: 1062
Error SQLSTATE: 23000
Error message: Duplicate entry 'provider_1-sect_1-quixa-veh_abs_str' for key 1
Error code: 1062
Error SQLSTATE: 23000
Error message: Duplicate entry 'provider_1-sect_1-quixa-veh_accesories_value_str' for key 1
Error code: 1062
Error SQLSTATE: 23000
Error message: Duplicate entry 'provider_1-sect_1-quixa-veh_airbag_str' for key 1
Error code: 1062
Error SQLSTATE: 23000
Error message: Duplicate entry 'provider_1-sect_1-quixa-veh_alarm_str' for key 1
Error code: 1062
Error SQLSTATE: 23000
Error message: Duplicate entry 'provider_1-sect_1-quixa-veh_antiskid_str' for key 1
Error code: 1062
Error SQLSTATE: 23000
Error message: Duplicate entry 'provider_1-sect_1-quixa-veh_bersani_reference_vehicle_str' for key 1
Error code: 1062
Error SQLSTATE: 23000
Error message: Duplicate entry 'provider_1-sect_1-quixa-veh_capacity_num' for key 1
Error code: 1062
Error SQLSTATE: 23000
Error message: Duplicate entry 'provider_1-sect_1-quixa-veh_corrosive_oily_gas_liquid_transporta' for key 1
Error code: 1062
Error SQLSTATE: 23000
Error message: Duplicate entry 'provider_1-sect_1-quixa-veh_fuel_str' for key 1
Error code: 1062
Error SQLSTATE: 23000
Error message: Duplicate entry 'provider_1-sect_1-quixa-veh_full_load_total_weight_num' for key 1
Error code: 1062
Error SQLSTATE: 23000
Error message: Duplicate entry 'provider_1-sect_1-quixa-veh_gas_methane_supply_str' for key 1
Error code: 1062
Error SQLSTATE: 23000
Error message: Duplicate entry 'provider_1-sect_1-quixa-veh_gprs_str' for key 1
Error code: 1062
Error SQLSTATE: 23000
Error message: Duplicate entry 'provider_1-sect_1-quixa-veh_habitual_vehicle_use_str' for key 1
Error code: 1062
Error SQLSTATE: 23000
Error message: Duplicate entry 'provider_1-sect_1-quixa-veh_home_delivery_str' for key 1
Error code: 1062
Error SQLSTATE: 23000
Error message: Duplicate entry 'provider_1-sect_1-quixa-veh_hook_str' for key 1
Error code: 1062
Error SQLSTATE: 23000
Error message: Duplicate entry 'provider_1-sect_1-quixa-veh_inflammable_liquid_transportation_st' for key 1
Error code: 1062
Error SQLSTATE: 23000
Error message: Duplicate entry 'provider_1-sect_1-quixa-veh_km_per_yr_num' for key 1
Error code: 1062
Error SQLSTATE: 23000
Error message: Duplicate entry 'provider_1-sect_1-quixa-veh_kw_num' for key 1
Error code: 1062
Error SQLSTATE: 23000
Error message: Duplicate entry 'provider_1-sect_1-quixa-veh_liquid_fuel_transportation_str' for key 1
Error code: 1062
Error SQLSTATE: 23000
Error message: Duplicate entry 'provider_1-sect_1-quixa-veh_loading_unloading_str' for key 1
Error code: 1062
Error SQLSTATE: 23000
Error message: Duplicate entry 'provider_1-sect_1-quixa-veh_make_str' for key 1
Error code: 1062
Error SQLSTATE: 23000
Error message: Duplicate entry 'provider_1-sect_1-quixa-veh_marble_blocks_str' for key 1
Error code: 1062
Error SQLSTATE: 23000
Error message: Duplicate entry 'provider_1-sect_1-quixa-veh_model_str' for key 1
Error code: 1062
Error SQLSTATE: 23000
Error message: Duplicate entry 'provider_1-sect_1-quixa-veh_modification_made_str' for key 1
Error code: 1062
Error SQLSTATE: 23000
Error message: Duplicate entry 'provider_1-sect_1-quixa-veh_new_used_vehicle_str' for key 1
Error code: 1062
Error SQLSTATE: 23000
Error message: Duplicate entry 'provider_1-sect_1-quixa-veh_num_of_owners_str' for key 1
Error code: 1062
Error SQLSTATE: 23000
Error message: Duplicate entry 'provider_1-sect_1-quixa-veh_passenger_transportation_str' for key 1
Error code: 1062
Error SQLSTATE: 23000
Error message: Duplicate entry 'provider_1-sect_1-quixa-veh_product_sector_str' for key 1
Error code: 1062
Error SQLSTATE: 23000
Error message: Duplicate entry 'provider_1-sect_1-quixa-veh_purchase_date_str' for key 1
Error code: 1062
Error SQLSTATE: 23000
Error message: Duplicate entry 'provider_1-sect_1-quixa-veh_purchase_date_year_num' for key 1
Error code: 1062
Error SQLSTATE: 23000
Error message: Duplicate entry 'provider_1-sect_1-quixa-veh_purchase_date_month_str' for key 1
Error code: 1062
Error SQLSTATE: 23000
Error message: Duplicate entry 'provider_1-sect_1-quixa-veh_purchase_date_day_str' for key 1
Error code: 1062
Error SQLSTATE: 23000
Error message: Duplicate entry 'provider_1-sect_1-quixa-veh_radioactive_substances_transportatio' for key 1
Error code: 1062
Error SQLSTATE: 23000
Error message: Duplicate entry 'provider_1-sect_1-quixa-veh_rent_str' for key 1
Error code: 1062
Error SQLSTATE: 23000
Error message: Duplicate entry 'provider_1-sect_1-quixa-veh_rent_with_driver_str' for key 1
Error code: 1062
Error SQLSTATE: 23000
Error message: Duplicate entry 'provider_1-sect_1-quixa-veh_set_up_str' for key 1
Error code: 1062
Error SQLSTATE: 23000
Error message: Duplicate entry 'provider_1-sect_1-quixa-veh_stabilizer_str' for key 1
Error code: 1062
Error SQLSTATE: 23000
Error message: Duplicate entry 'provider_1-sect_1-quixa-veh_third_party_str' for key 1
Error code: 1062
Error SQLSTATE: 23000
Error message: Duplicate entry 'provider_1-sect_1-quixa-veh_tow_hook_str' for key 1
Error code: 1062
Error SQLSTATE: 23000
Error message: Duplicate entry 'provider_1-sect_1-quixa-veh_toxic_gas_explosive_transportation_s' for key 1
Error code: 1062
Error SQLSTATE: 23000
Error message: Duplicate entry 'provider_1-sect_1-quixa-veh_transportation_of_dangerous_goods_A_' for key 1
Error code: 1062
Error SQLSTATE: 23000
Error message: Duplicate entry 'provider_1-sect_1-quixa-veh_transportation_of_dangerous_goods_B_' for key 1
Error code: 1062
Error SQLSTATE: 23000
Error message: Duplicate entry 'provider_1-sect_1-quixa-veh_transportation_type_str' for key 1
Error code: 1062
Error SQLSTATE: 23000
Error message: Duplicate entry 'provider_1-sect_1-quixa-veh_truck_tractor_weight_num' for key 1
Error code: 1062
Error SQLSTATE: 23000
Error message: Duplicate entry 'provider_1-sect_1-quixa-veh_use_for_shops_str' for key 1
Error code: 1062
Error SQLSTATE: 23000
Error message: Duplicate entry 'provider_1-sect_1-quixa-veh_vehicle_for_disabled_str' for key 1
Error code: 1062
Error SQLSTATE: 23000
Error message: Duplicate entry 'provider_1-sect_1-quixa-veh_vehicle_shelter_str' for key 1
Error code: 1062
Error SQLSTATE: 23000
Error message: Duplicate entry 'provider_1-sect_1-quixa-veh_vehicle_type_str' for key 1
Error code: 1062
Error SQLSTATE: 23000
Error message: Duplicate entry 'provider_1-sect_1-quixa-veh_vehicle_use_str' for key 1
Error code: 1062
Error SQLSTATE: 23000
Error message: Duplicate entry 'provider_1-sect_1-quixa-veh_vehicle_value_str' for key 1
Error code: 1062
Error SQLSTATE: 23000
Error message: Duplicate entry 'provider_1-sect_1-quixa-veh_weight_to_be_towed_num' for key 1
Error code: 1062
Error SQLSTATE: 23000
Error message: Duplicate entry 'provider_1-sect_1-quixa-pol_RCA_premium_id_str' for key 1
Error code: 1062
Error SQLSTATE: 23000
Error message: Duplicate entry 'provider_1-sect_1-quixa-pol_act_of_vandalism_minimum_uncoverage_' for key 1
Error code: 1062
Error SQLSTATE: 23000
Error message: Duplicate entry 'provider_1-sect_1-quixa-pol_act_of_vandalism_str' for key 1
Error code: 1062
Error SQLSTATE: 23000
Error message: Duplicate entry 'provider_1-sect_1-quixa-pol_on_off_act_of_vandalism_str' for key 1
Error code: 1062
Error SQLSTATE: 23000
Error message: Duplicate entry 'provider_1-sect_1-quixa-pol_act_of_vandalisme_web_id_str' for key 1
Error code: 1062
Error SQLSTATE: 23000
Error message: Duplicate entry 'provider_1-sect_1-quixa-pol_act_of_vandalism_premium_id_str' for key 1
Error code: 1062
Error SQLSTATE: 23000
Error message: Duplicate entry 'provider_1-sect_1-quixa-pol_assistance_str' for key 1
Error code: 1062
Error SQLSTATE: 23000
Error message: Duplicate entry 'provider_1-sect_1-quixa-pol_on_off_assistance_str' for key 1
Error code: 1062
Error SQLSTATE: 23000
Error message: Duplicate entry 'provider_1-sect_1-quixa-pol_assistance_web_id_str' for key 1
Error code: 1062
Error SQLSTATE: 23000
Error message: Duplicate entry 'provider_1-sect_1-quixa-pol_assistance_premium_id_str' for key 1
Error code: 1062
Error SQLSTATE: 23000
Error message: Duplicate entry 'provider_1-sect_1-quixa-pol_athmospheric_events_str' for key 1
Error code: 1062
Error SQLSTATE: 23000
Error message: Duplicate entry 'provider_1-sect_1-quixa-pol_on_off_athmospheric_events_str' for key 1
Error code: 1062
Error SQLSTATE: 23000
Error message: Duplicate entry 'provider_1-sect_1-quixa-pol_athmospheric_events_web_id_str' for key 1
Error code: 1062
Error SQLSTATE: 23000
Error message: Duplicate entry 'provider_1-sect_1-quixa-pol_athmospheric_events_premium_id_str' for key 1
Error code: 1062
Error SQLSTATE: 23000
Error message: Duplicate entry 'provider_1-sect_1-quixa-pol_blukasko_str' for key 1
Error code: 1062
Error SQLSTATE: 23000
Error message: Duplicate entry 'provider_1-sect_1-quixa-pol_on_off_blukasko_str' for key 1
Error code: 1062
Error SQLSTATE: 23000
Error message: Duplicate entry 'provider_1-sect_1-quixa-pol_blukasko_web_id_str' for key 1
Error code: 1062
Error SQLSTATE: 23000
Error message: Duplicate entry 'provider_1-sect_1-quixa-pol_blukasko_premium_id_str' for key 1
Error code: 1062
Error SQLSTATE: 23000
Error message: Duplicate entry 'provider_1-sect_1-quixa-pol_kasko_minimum_uncoverage_str' for key 1
Error code: 1062
Error SQLSTATE: 23000
Error message: Duplicate entry 'provider_1-sect_1-quixa-pol_contingency_protection_str' for key 1
Error code: 1062
Error SQLSTATE: 23000
Error message: Duplicate entry 'provider_1-sect_1-quixa-pol_on_off_contingency_protection_str' for key 1
Error code: 1062
Error SQLSTATE: 23000
Error message: Duplicate entry 'provider_1-sect_1-quixa-pol_contingency_protection_web_id_str' for key 1
Error code: 1062
Error SQLSTATE: 23000
Error message: Duplicate entry 'provider_1-sect_1-quixa-pol_contingency_protection_premium_id_st' for key 1
Error code: 1062
Error SQLSTATE: 23000
Error message: Duplicate entry 'provider_1-sect_1-quixa-pol_driver_accident_coverage_str' for key 1
Error code: 1062
Error SQLSTATE: 23000
Error message: Duplicate entry 'provider_1-sect_1-quixa-pol_on_off_driver_accident_coverage_str' for key 1
Error code: 1062
Error SQLSTATE: 23000
Error message: Duplicate entry 'provider_1-sect_1-quixa-pol_driver_accident_coverage_web_id_str' for key 1
Error code: 1062
Error SQLSTATE: 23000
Error message: Duplicate entry 'provider_1-sect_1-quixa-pol_driver_accident_coverage_premium_id_' for key 1
Error code: 1062
Error SQLSTATE: 23000
Error message: Duplicate entry 'provider_1-sect_1-quixa-pol_driver_accident_indemnity_limit_str' for key 1
Error code: 1062
Error SQLSTATE: 23000
Error message: Duplicate entry 'provider_1-sect_1-quixa-pol_driving_licence_withdrawal_guarantee' for key 1
Error code: 1062
Error SQLSTATE: 23000
Error message: Duplicate entry 'provider_1-sect_1-quixa-pol_on_off_driving_licence_withdrawal_gu' for key 1
Error code: 1062
Error SQLSTATE: 23000
Error message: Duplicate entry 'provider_1-sect_1-quixa-pol_driving_licence_withdrawal_guarantee' for key 1
Error code: 1062
Error SQLSTATE: 23000
Error message: Duplicate entry 'provider_1-sect_1-quixa-pol_driving_licence_withdrawal_guarantee' for key 1
Error code: 1062
Error SQLSTATE: 23000
Error message: Duplicate entry 'provider_1-sect_1-quixa-pol_easy_driver_str' for key 1
Error code: 1062
Error SQLSTATE: 23000
Error message: Duplicate entry 'provider_1-sect_1-quixa-pol_on_off_easy_driver_str' for key 1
Error code: 1062
Error SQLSTATE: 23000
Error message: Duplicate entry 'provider_1-sect_1-quixa-pol_easy_driver_web_id_str' for key 1
Error code: 1062
Error SQLSTATE: 23000
Error message: Duplicate entry 'provider_1-sect_1-quixa-pol_easy_driver_premium_id_str' for key 1
Error code: 1062
Error SQLSTATE: 23000
Error message: Duplicate entry 'provider_1-sect_1-quixa-pol_glasses_minimum_uncovered_str' for key 1
Error code: 1062
Error SQLSTATE: 23000
Error message: Duplicate entry 'provider_1-sect_1-quixa-pol_glasses_str' for key 1
Error code: 1062
Error SQLSTATE: 23000
Error message: Duplicate entry 'provider_1-sect_1-quixa-pol_on_off_glasses_str' for key 1
Error code: 1062
Error SQLSTATE: 23000
Error message: Duplicate entry 'provider_1-sect_1-quixa-pol_glasses_web_id_str' for key 1
Error code: 1062
Error SQLSTATE: 23000
Error message: Duplicate entry 'provider_1-sect_1-quixa-pol_glasses_premium_id_str' for key 1
Error code: 1062
Error SQLSTATE: 23000
Error message: Duplicate entry 'provider_1-sect_1-quixa-pol_kasko_minimum_uncoverage' for key 1
Error code: 1062
Error SQLSTATE: 23000
Error message: Duplicate entry 'provider_1-sect_1-quixa-pol_kasko_str' for key 1
Error code: 1062
Error SQLSTATE: 23000
Error message: Duplicate entry 'provider_1-sect_1-quixa-pol_on_off_kasko_str' for key 1
Error code: 1062
Error SQLSTATE: 23000
Error message: Duplicate entry 'provider_1-sect_1-quixa-pol_kasko_web_id_str' for key 1
Error code: 1062
Error SQLSTATE: 23000
Error message: Duplicate entry 'provider_1-sect_1-quixa-pol_kasko_premium_id_str' for key 1
Error code: 1062
Error SQLSTATE: 23000
Error message: Duplicate entry 'provider_1-sect_1-quixa-pol_legal_assistance_str' for key 1
Error code: 1062
Error SQLSTATE: 23000
Error message: Duplicate entry 'provider_1-sect_1-quixa-pol_on_off_legal_assistance_str' for key 1
Error code: 1062
Error SQLSTATE: 23000
Error message: Duplicate entry 'provider_1-sect_1-quixa-pol_legal_assistance_web_id_str' for key 1
Error code: 1062
Error SQLSTATE: 23000
Error message: Duplicate entry 'provider_1-sect_1-quixa-pol_legal_assistance_premium_id_str' for key 1
Error code: 1062
Error SQLSTATE: 23000
Error message: Duplicate entry 'provider_1-sect_1-quixa-pol_natural_events_act_of_vandalism_mini' for key 1
Error code: 1062
Error SQLSTATE: 23000
Error message: Duplicate entry 'provider_1-sect_1-quixa-pol_natural_events_act_of_vandalism' for key 1
Error code: 1062
Error SQLSTATE: 23000
Error message: Duplicate entry 'provider_1-sect_1-quixa-pol_on_off_natural_events_act_of_vandali' for key 1
Error code: 1062
Error SQLSTATE: 23000
Error message: Duplicate entry 'provider_1-sect_1-quixa-pol_natural_events_act_of_vandalism_web_' for key 1
Error code: 1062
Error SQLSTATE: 23000
Error message: Duplicate entry 'provider_1-sect_1-quixa-pol_natural_events_act_of_vandalism_prem' for key 1
Error code: 1062
Error SQLSTATE: 23000
Error message: Duplicate entry 'provider_1-sect_1-quixa-pol_natural_events_str' for key 1
Error code: 1062
Error SQLSTATE: 23000
Error message: Duplicate entry 'provider_1-sect_1-quixa-pol_on_off_natural_events_str' for key 1
Error code: 1062
Error SQLSTATE: 23000
Error message: Duplicate entry 'provider_1-sect_1-quixa-pol_natural_events_web_id_str' for key 1
Error code: 1062
Error SQLSTATE: 23000
Error message: Duplicate entry 'provider_1-sect_1-quixa-pol_natural_events_premium_id_str' for key 1
Error code: 1062
Error SQLSTATE: 23000
Error message: Duplicate entry 'provider_1-sect_1-quixa-pol_road_assistance_str' for key 1
Error code: 1062
Error SQLSTATE: 23000
Error message: Duplicate entry 'provider_1-sect_1-quixa-pol_on_off_road_assistance_str' for key 1
Error code: 1062
Error SQLSTATE: 23000
Error message: Duplicate entry 'provider_1-sect_1-quixa-pol_road_assistance_web_id_str' for key 1
Error code: 1062
Error SQLSTATE: 23000
Error message: Duplicate entry 'provider_1-sect_1-quixa-pol_road_assistance_premium_id_str' for key 1
Error code: 1062
Error SQLSTATE: 23000
Error message: Duplicate entry 'provider_1-sect_1-quixa-pol_social_political_and_natural_events' for key 1
Error code: 1062
Error SQLSTATE: 23000
Error message: Duplicate entry 'provider_1-sect_1-quixa-pol_on_off_social_political_and_natural_' for key 1
Error code: 1062
Error SQLSTATE: 23000
Error message: Duplicate entry 'provider_1-sect_1-quixa-pol_social_political_and_natural_events_' for key 1
Error code: 1062
Error SQLSTATE: 23000
Error message: Duplicate entry 'provider_1-sect_1-quixa-pol_social_political_and_natural_events_' for key 1
Error code: 1062
Error SQLSTATE: 23000
Error message: Duplicate entry 'provider_1-sect_1-quixa-pol_social_political_events_str' for key 1
Error code: 1062
Error SQLSTATE: 23000
Error message: Duplicate entry 'provider_1-sect_1-quixa-pol_on_off_social_political_events_str' for key 1
Error code: 1062
Error SQLSTATE: 23000
Error message: Duplicate entry 'provider_1-sect_1-quixa-pol_social_political_events_web_id_str' for key 1
Error code: 1062
Error SQLSTATE: 23000
Error message: Duplicate entry 'provider_1-sect_1-quixa-pol_social_political_events_premium_id_s' for key 1
Error code: 1062
Error SQLSTATE: 23000
Error message: Duplicate entry 'provider_1-sect_1-quixa-pol_supplementary_coverage_str' for key 1
Error code: 1062
Error SQLSTATE: 23000
Error message: Duplicate entry 'provider_1-sect_1-quixa-pol_on_off_supplementary_coverage_str' for key 1
Error code: 1062
Error SQLSTATE: 23000
Error message: Duplicate entry 'provider_1-sect_1-quixa-pol_supplementary_coverage_web_id_str' for key 1
Error code: 1062
Error SQLSTATE: 23000
Error message: Duplicate entry 'provider_1-sect_1-quixa-pol_supplementary_coverage_premium_id_st' for key 1
Error code: 1062
Error SQLSTATE: 23000
Error message: Duplicate entry 'provider_1-sect_1-quixa-timestamp' for key 1
Finishing process ...
Starting process ...
yaml config file /home/notroot/git/KTE/code/builders/etl/2_translation_rule/script/build_translation_rules.rb.yml succesfully open
Starting process ...
yaml config file /home/notroot/git/KTE/code/builders/etl/2_translation_rule/script/build_translation_rules.rb.yml succesfully open
Starting process ...
yaml config file /home/notroot/git/KTE/code/builders/etl/2_translation_rule/script/build_translation_rules.rb.yml succesfully open
Finishing process ...
Starting process ...
yaml config file /home/notroot/git/KTE/code/builders/etl/2_translation_rule/script/build_translation_rules.rb.yml succesfully open
