# Logfile created on Thu Feb 11 19:01:56 +0100 2010 by logger.rb/85
Starting process ...
yaml config file /home/notroot/git/KTE/code/builders/etl/2_translation_rule/script/build_regexp_mapping.rb.yml succesfully open
Error message: uninitialized constant Target_quixa
Finishing process ...
Starting process ...
yaml config file /home/notroot/git/KTE/code/builders/etl/2_translation_rule/script/build_regexp_mapping.rb.yml succesfully open
Error message: undefined local variable or method `regexp_eval' for #<Object:0x7f5d5fd132b0>
Finishing process ...
Starting process ...
yaml config file /home/notroot/git/KTE/code/builders/etl/2_translation_rule/script/build_regexp_mapping.rb.yml succesfully open
Error message: undefined method `translate_fields' for #<Object:0x7f66b87a1298>
Finishing process ...
Starting process ...
yaml config file /home/notroot/git/KTE/code/builders/etl/2_translation_rule/script/build_regexp_mapping.rb.yml succesfully open
Error message: wrong argument type nil (expected String)
Finishing process ...
Starting process ...
yaml config file /home/notroot/git/KTE/code/builders/etl/2_translation_rule/script/build_regexp_mapping.rb.yml succesfully open
Finishing process ...
