# Logfile created on Mon Feb 22 15:13:42 +0100 2010 by logger.rb/85
I, [= "2010-02-22 15:13:42"#14095]  INFO -- start_log: Starting process ...
I, [= "2010-02-22 15:13:42"#14095]  INFO -- start_log: yaml config file /home/notroot/git/KTE/code/builders/etl/3_specific_profile/script/build_specific_profile.rb.yml succesfully open
I, [= "2010-02-22 15:13:44"#14095]  INFO -- stop_log: Finishing process ...
I, [= "2010-02-22 15:32:02"#14756]  INFO -- start_log: Starting process ...
I, [= "2010-02-22 15:32:02"#14756]  INFO -- start_log: yaml config file /home/notroot/git/KTE/code/builders/etl/3_specific_profile/script/build_specific_profile.rb.yml succesfully open
W, [= "2010-02-22 15:32:02"#14756]  WARN -- 78: Warning message: Duplicate entry '1-provider_1-sect_1-quixa-prov_1_20100101' for key 1
W, [= "2010-02-22 15:32:02"#14756]  WARN -- 78: Warning message: Duplicate entry '2-provider_1-sect_1-quixa-prov_1_20100101' for key 1
W, [= "2010-02-22 15:32:02"#14756]  WARN -- 78: Warning message: Duplicate entry '3-provider_1-sect_1-quixa-prov_1_20100101' for key 1
W, [= "2010-02-22 15:32:03"#14756]  WARN -- 78: Warning message: Duplicate entry '4-provider_1-sect_1-quixa-prov_1_20100101' for key 1
W, [= "2010-02-22 15:32:03"#14756]  WARN -- 78: Warning message: Duplicate entry '5-provider_1-sect_1-quixa-prov_1_20100101' for key 1
W, [= "2010-02-22 15:32:03"#14756]  WARN -- 78: Warning message: Duplicate entry '6-provider_1-sect_1-quixa-prov_1_20100101' for key 1
W, [= "2010-02-22 15:32:03"#14756]  WARN -- 78: Warning message: Duplicate entry '7-provider_1-sect_1-quixa-prov_1_20100101' for key 1
W, [= "2010-02-22 15:32:03"#14756]  WARN -- 78: Warning message: Duplicate entry '8-provider_1-sect_1-quixa-prov_1_20100101' for key 1
W, [= "2010-02-22 15:32:03"#14756]  WARN -- 78: Warning message: Duplicate entry '9-provider_1-sect_1-quixa-prov_1_20100101' for key 1
W, [= "2010-02-22 15:32:03"#14756]  WARN -- 78: Warning message: Duplicate entry '10-provider_1-sect_1-quixa-prov_1_20100101' for key 1
I, [= "2010-02-22 15:32:04"#14756]  INFO -- stop_log: Finishing process ...
I, [= "2010-02-22 15:37:46"#14840]  INFO -- start_log: Starting process ...
I, [= "2010-02-22 15:37:46"#14840]  INFO -- start_log: yaml config file /home/notroot/git/KTE/code/builders/etl/3_specific_profile/script/build_specific_profile.rb.yml succesfully open
W, [= "2010-02-22 15:37:46"#14840]  WARN -- 78: Warning message: Duplicate entry '1-provider_1-sect_1-quixa-prov_1_20100101' for key 1
W, [= "2010-02-22 15:37:47"#14840]  WARN -- 78: Warning message: Duplicate entry '2-provider_1-sect_1-quixa-prov_1_20100101' for key 1
W, [= "2010-02-22 15:37:47"#14840]  WARN -- 78: Warning message: Duplicate entry '3-provider_1-sect_1-quixa-prov_1_20100101' for key 1
W, [= "2010-02-22 15:37:47"#14840]  WARN -- 78: Warning message: Duplicate entry '4-provider_1-sect_1-quixa-prov_1_20100101' for key 1
W, [= "2010-02-22 15:37:47"#14840]  WARN -- 78: Warning message: Duplicate entry '5-provider_1-sect_1-quixa-prov_1_20100101' for key 1
W, [= "2010-02-22 15:37:47"#14840]  WARN -- 78: Warning message: Duplicate entry '6-provider_1-sect_1-quixa-prov_1_20100101' for key 1
W, [= "2010-02-22 15:37:47"#14840]  WARN -- 78: Warning message: Duplicate entry '7-provider_1-sect_1-quixa-prov_1_20100101' for key 1
W, [= "2010-02-22 15:37:47"#14840]  WARN -- 78: Warning message: Duplicate entry '8-provider_1-sect_1-quixa-prov_1_20100101' for key 1
W, [= "2010-02-22 15:37:47"#14840]  WARN -- 78: Warning message: Duplicate entry '9-provider_1-sect_1-quixa-prov_1_20100101' for key 1
W, [= "2010-02-22 15:37:48"#14840]  WARN -- 78: Warning message: Duplicate entry '10-provider_1-sect_1-quixa-prov_1_20100101' for key 1
I, [= "2010-02-22 15:37:48"#14840]  INFO -- stop_log: Finishing process ...
I, [= "2010-02-22 15:43:06"#15074]  INFO -- start_log: Starting process ...
I, [= "2010-02-22 15:43:06"#15074]  INFO -- start_log: yaml config file /home/notroot/git/KTE/code/builders/etl/3_specific_profile/script/build_specific_profile.rb.yml succesfully open
W, [= "2010-02-22 15:43:06"#15074]  WARN -- 78: Warning message: Duplicate entry '1-provider_1-sect_1-quixa-prov_1_20100101' for key 1
W, [= "2010-02-22 15:43:06"#15074]  WARN -- 78: Warning message: Duplicate entry '2-provider_1-sect_1-quixa-prov_1_20100101' for key 1
W, [= "2010-02-22 15:43:06"#15074]  WARN -- 78: Warning message: Duplicate entry '3-provider_1-sect_1-quixa-prov_1_20100101' for key 1
W, [= "2010-02-22 15:43:06"#15074]  WARN -- 78: Warning message: Duplicate entry '4-provider_1-sect_1-quixa-prov_1_20100101' for key 1
W, [= "2010-02-22 15:43:06"#15074]  WARN -- 78: Warning message: Duplicate entry '5-provider_1-sect_1-quixa-prov_1_20100101' for key 1
W, [= "2010-02-22 15:43:06"#15074]  WARN -- 78: Warning message: Duplicate entry '6-provider_1-sect_1-quixa-prov_1_20100101' for key 1
W, [= "2010-02-22 15:43:06"#15074]  WARN -- 78: Warning message: Duplicate entry '7-provider_1-sect_1-quixa-prov_1_20100101' for key 1
W, [= "2010-02-22 15:43:07"#15074]  WARN -- 78: Warning message: Duplicate entry '8-provider_1-sect_1-quixa-prov_1_20100101' for key 1
W, [= "2010-02-22 15:43:07"#15074]  WARN -- 78: Warning message: Duplicate entry '9-provider_1-sect_1-quixa-prov_1_20100101' for key 1
W, [= "2010-02-22 15:43:07"#15074]  WARN -- 78: Warning message: Duplicate entry '10-provider_1-sect_1-quixa-prov_1_20100101' for key 1
I, [= "2010-02-22 15:43:07"#15074]  INFO -- stop_log: Finishing process ...
I, [= "2010-02-22 16:31:39"#16613]  INFO -- start_log: Starting process ...
I, [= "2010-02-22 16:31:39"#16613]  INFO -- start_log: yaml config file /home/notroot/git/KTE/code/builders/etl/3_specific_profile/script/build_specific_profile.rb.yml succesfully open
E, [= "2010-02-22 16:31:40"#16613] ERROR -- /home/notroot/git/KTE/code/builders/etl/3_specific_profile/script/build_specific_profile.rb: Error message: (eval):1:in `build_specific_profile': compile error
(eval):1: syntax error, unexpected ':', expecting ']'
...r_str].to_i; y= profilefield[: pol_nr_of_paid_claims_1_yr_st...
                              ^
I, [= "2010-02-22 16:31:40"#16613]  INFO -- stop_log: Finishing process ...
I, [= "2010-02-22 16:33:20"#16647]  INFO -- start_log: Starting process ...
I, [= "2010-02-22 16:33:20"#16647]  INFO -- start_log: yaml config file /home/notroot/git/KTE/code/builders/etl/3_specific_profile/script/build_specific_profile.rb.yml succesfully open
E, [= "2010-02-22 16:33:20"#16647] ERROR -- /home/notroot/git/KTE/code/builders/etl/3_specific_profile/script/build_specific_profile.rb: Error message: (eval):1:in `build_specific_profile': compile error
(eval):1: syntax error, unexpected ':', expecting ']'
...r_str].to_i; z= profilefield[: pol_nr_of_paid_claims_2_yr_st...
                              ^
I, [= "2010-02-22 16:33:20"#16647]  INFO -- stop_log: Finishing process ...
I, [= "2010-02-22 16:34:17"#16670]  INFO -- start_log: Starting process ...
I, [= "2010-02-22 16:34:17"#16670]  INFO -- start_log: yaml config file /home/notroot/git/KTE/code/builders/etl/3_specific_profile/script/build_specific_profile.rb.yml succesfully open
I, [= "2010-02-22 16:34:19"#16670]  INFO -- stop_log: Finishing process ...
